2017-05-09 10:27:20,245 DEBUG [main] [aboo.controller.UserController]:28 - 初始化完成，map里存了两个User
2017-05-09 10:27:42,769 DEBUG [qtp1917149817-15] [aboo.controller.GreetingController]:26 - -----------打出这一行说明：我的logback会用了！！！----------------
2017-05-09 10:28:09,408 DEBUG [qtp1917149817-16] [aboo.controller.UserController]:68 - 新添加的User：User{empNo='29', empName='ccc', accountNo='789', department='flsjdifddjlfdifjdlfjdl', tel='null', email='null', password='null'}
2017-05-09 10:28:09,409 DEBUG [qtp1917149817-16] [aboo.controller.UserController]:54 - 所有User： {1=User{empNo='1', empName='aaa', accountNo='123', department='vtm', tel='123456789', email='aaa@xx.com', password='000000'}, 2=User{empNo='2', empName='bbb', accountNo='456', department='prd', tel='123456789', email='bbb@xx.com', password='000000'}, 29=User{empNo='29', empName='ccc', accountNo='789', department='flsjdifddjlfdifjdlfjdl', tel='null', email='null', password='null'}}
2017-05-09 10:29:40,761 DEBUG [qtp1917149817-18] [aboo.controller.UserController]:68 - 新添加的User：User{empNo='25', empName='ccc', accountNo='789', department='flsjdifddjlfdifjdlfjdl', tel='null', email='null', password='null'}
2017-05-09 10:29:40,761 DEBUG [qtp1917149817-18] [aboo.controller.UserController]:54 - 所有User： {1=User{empNo='1', empName='aaa', accountNo='123', department='vtm', tel='123456789', email='aaa@xx.com', password='000000'}, 2=User{empNo='2', empName='bbb', accountNo='456', department='prd', tel='123456789', email='bbb@xx.com', password='000000'}, 25=User{empNo='25', empName='ccc', accountNo='789', department='flsjdifddjlfdifjdlfjdl', tel='null', email='null', password='null'}, 29=User{empNo='29', empName='ccc', accountNo='789', department='flsjdifddjlfdifjdlfjdl', tel='null', email='null', password='null'}}
2017-05-09 10:30:21,264 DEBUG [qtp1917149817-14] [aboo.controller.UserController]:112 - --------404!!!--------
2017-05-09 10:30:41,119 DEBUG [qtp1917149817-15] [aboo.controller.UserController]:112 - --------404!!!--------
2017-05-09 10:30:49,873 DEBUG [qtp1917149817-17] [aboo.controller.UserController]:41 - 查看empNo={43}的用户
2017-05-09 10:31:01,415 DEBUG [qtp1917149817-16] [aboo.controller.UserController]:41 - 查看empNo="32的用户
2017-05-09 10:31:09,258 DEBUG [qtp1917149817-18] [aboo.controller.UserController]:41 - 查看empNo=jfdk的用户
2017-05-09 10:31:15,861 DEBUG [qtp1917149817-13] [aboo.controller.UserController]:41 - 查看empNo=90的用户
2017-05-09 10:35:31,118 DEBUG [main] [aboo.controller.UserController]:28 - 初始化完成，map里存了两个User
2017-05-09 10:35:43,860 DEBUG [qtp69670055-14] [aboo.controller.UserController]:54 - 所有User： {1=User{empNo='1', empName='aaa', accountNo='123', department='vtm', tel='123456789', email='aaa@xx.com', password='000000'}, 2=User{empNo='2', empName='bbb', accountNo='456', department='prd', tel='123456789', email='bbb@xx.com', password='000000'}}
2017-05-09 10:35:57,055 DEBUG [qtp69670055-17] [aboo.controller.UserController]:41 - 查看empNo=78的用户
2017-05-09 10:36:35,092 DEBUG [qtp69670055-15] [aboo.controller.UserController]:103 - 成功更新了empNo=2的User信息 ---> User{empNo='2', empName='ccc', accountNo='789', department='flsjdifddjlfdifjdlfjdl', tel='null', email='null', password='null'}
2017-05-09 10:36:35,093 DEBUG [qtp69670055-15] [aboo.controller.UserController]:54 - 所有User： {1=User{empNo='1', empName='aaa', accountNo='123', department='vtm', tel='123456789', email='aaa@xx.com', password='000000'}, 2=User{empNo='2', empName='ccc', accountNo='789', department='flsjdifddjlfdifjdlfjdl', tel='null', email='null', password='null'}}
2017-05-09 10:41:23,614 DEBUG [main] [aboo.controller.UserController]:28 - 初始化完成，map里存了两个User
2017-05-09 10:42:23,061 DEBUG [qtp314966354-13] [aboo.controller.UserController]:54 - 所有User： {1=User{empNo='1', empName='aaa', accountNo='123', department='vtm', tel='123456789', email='aaa@xx.com', password='000000'}, 2=User{empNo='2', empName='bbb', accountNo='456', department='prd', tel='123456789', email='bbb@xx.com', password='000000'}}
2017-05-09 10:42:27,801 DEBUG [qtp314966354-14] [aboo.controller.UserController]:114 - --------404!!!--------
2017-05-09 10:42:36,833 DEBUG [qtp314966354-17] [aboo.controller.UserController]:114 - --------404!!!--------
2017-05-09 10:42:52,529 DEBUG [qtp314966354-19] [aboo.controller.UserController]:114 - --------404!!!--------
2017-05-09 10:43:31,962 DEBUG [qtp314966354-13] [aboo.controller.UserController]:121 - --------415!!!--------
2017-05-09 10:45:00,600 DEBUG [qtp314966354-19] [aboo.controller.UserController]:41 - 查看empNo=89的用户
2017-05-09 10:58:58,671 DEBUG [main] [aboo.controller.UserController]:28 - 初始化完成，map里存了两个User
2017-05-09 10:59:24,784 DEBUG [qtp426052262-19] [aboo.controller.UserController]:54 - 所有User： {1=User{empNo='1', empName='aaa', accountNo='123', department='vtm', tel='123456789', email='aaa@xx.com', password='000000'}, 2=User{empNo='2', empName='bbb', accountNo='456', department='prd', tel='123456789', email='bbb@xx.com', password='000000'}}
2017-05-09 10:59:50,562 DEBUG [qtp426052262-17] [aboo.controller.AllExceptionHandler]:40 - --------------415---------
