2017-05-09 12:16:25,317 DEBUG [main] [aboo.controller.UserController]:27 - 初始化完成，map里存了两个User
2017-05-09 12:17:02,840 DEBUG [qtp1214753695-14] [aboo.controller.AllExceptionHandler]:40 - --------------415---------
2017-05-09 12:17:02,842 DEBUG [qtp1214753695-14] [aboo.controller.AllExceptionHandler]:41 - >>>415======Unsupported Media Type======Request method 'PUT' not supported<<<
2017-05-09 12:17:11,528 DEBUG [qtp1214753695-18] [aboo.controller.UserController]:53 - 所有User： {1=User{empNo='1', empName='aaa', accountNo='123', department='vtm', tel='123456789', email='aaa@xx.com', password='000000'}, 2=User{empNo='2', empName='bbb', accountNo='456', department='prd', tel='123456789', email='bbb@xx.com', password='000000'}}
2017-05-09 12:17:22,375 DEBUG [qtp1214753695-17] [aboo.controller.UserController]:40 - 查看empNo=2的用户
2017-05-09 12:17:54,915 DEBUG [qtp1214753695-12] [aboo.controller.AllExceptionHandler]:40 - --------------415---------
2017-05-09 12:17:54,917 DEBUG [qtp1214753695-12] [aboo.controller.AllExceptionHandler]:41 - >>>415======Unsupported Media Type======Could not read document: Unrecognized token 'nujhhgjll': was expecting 'null', 'true', 'false' or NaN
 at [Source: java.io.PushbackInputStream@3a504f9b; line: 7, column: 20]; nested exception is com.fasterxml.jackson.core.JsonParseException: Unrecognized token 'nujhhgjll': was expecting 'null', 'true', 'false' or NaN
 at [Source: java.io.PushbackInputStream@3a504f9b; line: 7, column: 20]<<<
2017-05-09 12:18:00,983 DEBUG [qtp1214753695-14] [aboo.controller.AllExceptionHandler]:40 - --------------415---------
2017-05-09 12:18:00,983 DEBUG [qtp1214753695-14] [aboo.controller.AllExceptionHandler]:41 - >>>415======Unsupported Media Type======Could not read document: Unrecognized token 'nujhhgjll': was expecting 'null', 'true', 'false' or NaN
 at [Source: java.io.PushbackInputStream@1500357d; line: 7, column: 20]; nested exception is com.fasterxml.jackson.core.JsonParseException: Unrecognized token 'nujhhgjll': was expecting 'null', 'true', 'false' or NaN
 at [Source: java.io.PushbackInputStream@1500357d; line: 7, column: 20]<<<
2017-05-09 12:18:05,136 DEBUG [qtp1214753695-19] [aboo.controller.AllExceptionHandler]:40 - --------------415---------
2017-05-09 12:18:05,136 DEBUG [qtp1214753695-19] [aboo.controller.AllExceptionHandler]:41 - >>>415======Unsupported Media Type======Could not read document: Unrecognized token 'nujhhgjll': was expecting 'null', 'true', 'false' or NaN
 at [Source: java.io.PushbackInputStream@1777252; line: 7, column: 20]; nested exception is com.fasterxml.jackson.core.JsonParseException: Unrecognized token 'nujhhgjll': was expecting 'null', 'true', 'false' or NaN
 at [Source: java.io.PushbackInputStream@1777252; line: 7, column: 20]<<<
2017-05-09 12:18:32,985 DEBUG [qtp1214753695-13] [aboo.controller.UserController]:67 - 新添加的User：User{empNo='64', empName='ccc', accountNo='789', department='flsjdifddjlfdifjdlfjdl', tel='null', email='fdfdf', password='null'}
2017-05-09 12:18:32,986 DEBUG [qtp1214753695-13] [aboo.controller.UserController]:53 - 所有User： {1=User{empNo='1', empName='aaa', accountNo='123', department='vtm', tel='123456789', email='aaa@xx.com', password='000000'}, 2=User{empNo='2', empName='bbb', accountNo='456', department='prd', tel='123456789', email='bbb@xx.com', password='000000'}, 64=User{empNo='64', empName='ccc', accountNo='789', department='flsjdifddjlfdifjdlfjdl', tel='null', email='fdfdf', password='null'}}
2017-05-09 12:18:41,371 DEBUG [qtp1214753695-16] [aboo.controller.UserController]:67 - 新添加的User：User{empNo='3', empName='ccc', accountNo='789', department='flsjdifddjlfdifjdlfjdl', tel='null', email='fdfdf', password='null'}
2017-05-09 12:18:41,372 DEBUG [qtp1214753695-16] [aboo.controller.UserController]:53 - 所有User： {1=User{empNo='1', empName='aaa', accountNo='123', department='vtm', tel='123456789', email='aaa@xx.com', password='000000'}, 2=User{empNo='2', empName='bbb', accountNo='456', department='prd', tel='123456789', email='bbb@xx.com', password='000000'}, 3=User{empNo='3', empName='ccc', accountNo='789', department='flsjdifddjlfdifjdlfjdl', tel='null', email='fdfdf', password='null'}, 64=User{empNo='64', empName='ccc', accountNo='789', department='flsjdifddjlfdifjdlfjdl', tel='null', email='fdfdf', password='null'}}
2017-05-09 12:18:45,121 DEBUG [qtp1214753695-18] [aboo.controller.UserController]:67 - 新添加的User：User{empNo='8', empName='ccc', accountNo='789', department='flsjdifddjlfdifjdlfjdl', tel='null', email='fdfdf', password='null'}
2017-05-09 12:18:45,122 DEBUG [qtp1214753695-18] [aboo.controller.UserController]:53 - 所有User： {1=User{empNo='1', empName='aaa', accountNo='123', department='vtm', tel='123456789', email='aaa@xx.com', password='000000'}, 2=User{empNo='2', empName='bbb', accountNo='456', department='prd', tel='123456789', email='bbb@xx.com', password='000000'}, 3=User{empNo='3', empName='ccc', accountNo='789', department='flsjdifddjlfdifjdlfjdl', tel='null', email='fdfdf', password='null'}, 8=User{empNo='8', empName='ccc', accountNo='789', department='flsjdifddjlfdifjdlfjdl', tel='null', email='fdfdf', password='null'}, 64=User{empNo='64', empName='ccc', accountNo='789', department='flsjdifddjlfdifjdlfjdl', tel='null', email='fdfdf', password='null'}}
2017-05-09 12:18:58,859 DEBUG [qtp1214753695-19] [aboo.controller.UserController]:83 - 删除empNO=8的User
2017-05-09 12:18:58,859 DEBUG [qtp1214753695-19] [aboo.controller.UserController]:53 - 所有User： {1=User{empNo='1', empName='aaa', accountNo='123', department='vtm', tel='123456789', email='aaa@xx.com', password='000000'}, 2=User{empNo='2', empName='bbb', accountNo='456', department='prd', tel='123456789', email='bbb@xx.com', password='000000'}, 3=User{empNo='3', empName='ccc', accountNo='789', department='flsjdifddjlfdifjdlfjdl', tel='null', email='fdfdf', password='null'}, 64=User{empNo='64', empName='ccc', accountNo='789', department='flsjdifddjlfdifjdlfjdl', tel='null', email='fdfdf', password='null'}}
2017-05-09 12:19:06,851 DEBUG [qtp1214753695-17] [aboo.controller.UserController]:83 - 删除empNO=1的User
2017-05-09 12:19:06,851 DEBUG [qtp1214753695-17] [aboo.controller.UserController]:53 - 所有User： {2=User{empNo='2', empName='bbb', accountNo='456', department='prd', tel='123456789', email='bbb@xx.com', password='000000'}, 3=User{empNo='3', empName='ccc', accountNo='789', department='flsjdifddjlfdifjdlfjdl', tel='null', email='fdfdf', password='null'}, 64=User{empNo='64', empName='ccc', accountNo='789', department='flsjdifddjlfdifjdlfjdl', tel='null', email='fdfdf', password='null'}}
2017-05-09 12:19:43,187 DEBUG [qtp1214753695-14] [aboo.controller.UserController]:53 - 所有User： {2=User{empNo='2', empName='bbb', accountNo='456', department='prd', tel='123456789', email='bbb@xx.com', password='000000'}, 3=User{empNo='3', empName='ccc', accountNo='789', department='flsjdifddjlfdifjdlfjdl', tel='null', email='fdfdf', password='null'}, 64=User{empNo='64', empName='ccc', accountNo='789', department='flsjdifddjlfdifjdlfjdl', tel='null', email='fdfdf', password='null'}}
2017-05-09 12:20:01,297 DEBUG [qtp1214753695-12] [aboo.controller.UserController]:100 - 成功更新了empNo=3的User信息 ---> User{empNo='3', empName='ccdfdhfghghgfc', accountNo='789', department='flsjdifddjlfdifjdlfjdl', tel='null', email='fdfgfgdgg gggggggggdf', password='null'}
2017-05-09 12:20:01,298 DEBUG [qtp1214753695-12] [aboo.controller.UserController]:53 - 所有User： {2=User{empNo='2', empName='bbb', accountNo='456', department='prd', tel='123456789', email='bbb@xx.com', password='000000'}, 3=User{empNo='3', empName='ccdfdhfghghgfc', accountNo='789', department='flsjdifddjlfdifjdlfjdl', tel='null', email='fdfgfgdgg gggggggggdf', password='null'}, 64=User{empNo='64', empName='ccc', accountNo='789', department='flsjdifddjlfdifjdlfjdl', tel='null', email='fdfdf', password='null'}}
2017-05-09 12:22:41,218 DEBUG [main] [aboo.controller.UserController]:27 - 初始化完成，map里存了两个User
2017-05-09 12:22:58,589 DEBUG [qtp320861946-16] [aboo.controller.UserController]:100 - 成功更新了empNo=2的User信息 ---> User{empNo='2', empName='ccdfdhfghghgfc', accountNo='789', department='flsjdifddjlfdifjdlfjdl', tel='null', email='fdfgfgdgg gggggggggdf', password='null'}
2017-05-09 12:22:58,590 DEBUG [qtp320861946-16] [aboo.controller.UserController]:53 - 所有User： {1=User{empNo='1', empName='aaa', accountNo='123', department='vtm', tel='123456789', email='aaa@xx.com', password='000000'}, 2=User{empNo='2', empName='ccdfdhfghghgfc', accountNo='789', department='flsjdifddjlfdifjdlfjdl', tel='null', email='fdfgfgdgg gggggggggdf', password='null'}}
